[debug] [2018-07-08T21:32:23.473Z] ----------------------------------------------------------------------
[debug] [2018-07-08T21:32:23.475Z] Command:       /usr/local/bin/node /usr/local/bin/firebase serve
[debug] [2018-07-08T21:32:23.476Z] CLI Version:   3.18.5
[debug] [2018-07-08T21:32:23.476Z] Platform:      darwin
[debug] [2018-07-08T21:32:23.476Z] Node Version:  v8.11.2
[debug] [2018-07-08T21:32:23.477Z] Time:          Sun Jul 08 2018 17:32:23 GMT-0400 (EDT)
[debug] [2018-07-08T21:32:23.477Z] ----------------------------------------------------------------------
[debug] 
[debug] [2018-07-08T21:32:23.487Z] > command requires scopes: ["email","openid","https://www.googleapis.com/auth/cloudplatformprojects.readonly","https://www.googleapis.com/auth/firebase","https://www.googleapis.com/auth/cloud-platform"]
[debug] [2018-07-08T21:32:23.487Z] > authorizing via signed-in user
[debug] [2018-07-08T21:32:23.489Z] > refreshing access token with scopes: ["email","https://www.googleapis.com/auth/cloud-platform","https://www.googleapis.com/auth/cloudplatformprojects.readonly","https://www.googleapis.com/auth/firebase","openid"]
[debug] [2018-07-08T21:32:23.489Z] >>> HTTP REQUEST POST https://www.googleapis.com/oauth2/v3/token  
 { refresh_token: '1/aQXeeTr7QIRjD8ZrbigFMsy6gskH3LaIV6oXu0ZfK3c',
  client_id: '563584335869-fgrhgmd47bqnekij5i8b5pr03ho849e6.apps.googleusercontent.com',
  client_secret: 'j9iVZfS8kkCEFUPaAeJV0sAi',
  grant_type: 'refresh_token',
  scope: 'email https://www.googleapis.com/auth/cloud-platform https://www.googleapis.com/auth/cloudplatformprojects.readonly https://www.googleapis.com/auth/firebase openid' } 
 Sun Jul 08 2018 17:32:23 GMT-0400 (EDT)
[debug] [2018-07-08T21:32:23.703Z] <<< HTTP RESPONSE 200
[debug] [2018-07-08T21:32:23.728Z] >>> HTTP REQUEST GET https://admin.firebase.com/v1/projects/web-starter-kit-a47ab  
  
 Sun Jul 08 2018 17:32:23 GMT-0400 (EDT)
[debug] [2018-07-08T21:32:24.066Z] <<< HTTP RESPONSE 200
[debug] [2018-07-08T21:32:24.067Z] >>> HTTP REQUEST GET https://admin.firebase.com/v1/database/web-starter-kit-a47ab/tokens  
  
 Sun Jul 08 2018 17:32:24 GMT-0400 (EDT)
[debug] [2018-07-08T21:32:24.564Z] <<< HTTP RESPONSE 200
[debug] [2018-07-08T21:32:24.565Z] >>> HTTP REQUEST GET https://cloudresourcemanager.googleapis.com/v1/projects/web-starter-kit-a47ab  
  
 Sun Jul 08 2018 17:32:24 GMT-0400 (EDT)
[debug] [2018-07-08T21:32:24.756Z] <<< HTTP RESPONSE 200
[info] 
[info] === Serving from '/Users/owalls/WebstormProjects/test/deputy-challenge/deputy'...
[info] 
[debug] [2018-07-08T21:32:24.758Z] >>> HTTP REQUEST GET https://mobilesdk-pa.googleapis.com/v1/projects/306677857912/clients/_:getWebAppConfig  
  
 Sun Jul 08 2018 17:32:24 GMT-0400 (EDT)
[debug] [2018-07-08T21:32:25.006Z] <<< HTTP RESPONSE 200
[info] i  hosting: Serving hosting files from: dist/deputy
[info] ✔  hosting: Local server: http://localhost:5000

